#
# There is insufficient memory for the Java Runtime Environment to continue.
# Native memory allocation (malloc) failed to allocate 1048576 bytes for AllocateHeap
# Possible reasons:
#   The system is out of physical RAM or swap space
#   The process is running with CompressedOops enabled, and the Java Heap may be blocking the growth of the native heap
# Possible solutions:
#   Reduce memory load on the system
#   Increase physical memory or swap space
#   Check if swap backing store is full
#   Decrease Java heap size (-Xmx/-Xms)
#   Decrease number of Java threads
#   Decrease Java thread stack sizes (-Xss)
#   Set larger code cache with -XX:ReservedCodeCacheSize=
#   JVM is running with Zero Based Compressed Oops mode in which the Java heap is
#     placed in the first 32GB address space. The Java Heap base address is the
#     maximum limit for the native heap growth. Please use -XX:HeapBaseMinAddress
#     to set the Java Heap base and to place the Java Heap above 32GB virtual address.
# This output file may be truncated or incomplete.
#
#  Out of Memory Error (memory/allocation.inline.hpp:61), pid=19168, tid=0x0000000000001294
#
# JRE version:  (8.0_231-b11) (build )
# Java VM: Java HotSpot(TM) 64-Bit Server VM (25.231-b11 mixed mode windows-amd64 compressed oops)
# Failed to write core dump. Minidumps are not enabled by default on client versions of Windows
#

---------------  T H R E A D  ---------------

Current thread (0x0000000002af3800):  JavaThread "Unknown thread" [_thread_in_vm, id=4756, stack(0x0000000002740000,0x0000000002840000)]

Stack: [0x0000000002740000,0x0000000002840000]
[error occurred during error reporting (printing stack bounds), id 0xc0000005]

Native frames: (J=compiled Java code, j=interpreted, Vv=VM code, C=native code)


---------------  P R O C E S S  ---------------

Java Threads: ( => current thread )

Other Threads:

=>0x0000000002af3800 (exited) JavaThread "Unknown thread" [_thread_in_vm, id=4756, stack(0x0000000002740000,0x0000000002840000)]

VM state:not at safepoint (normal execution)

VM Mutex/Monitor currently owned by a thread: None

heap address: 0x0000000701c00000, size: 3044 MB, Compressed Oops mode: Zero based, Oop shift amount: 3
Narrow klass base: 0x0000000000000000, Narrow klass shift: 3
Compressed class space size: 1073741824 Address: 0x00000007c0000000

Heap:
 PSYoungGen      total 57344K, used 983K [0x0000000780980000, 0x0000000784980000, 0x00000007c0000000)
  eden space 49152K, 2% used [0x0000000780980000,0x0000000780a75c38,0x0000000783980000)
  from space 8192K, 0% used [0x0000000784180000,0x0000000784180000,0x0000000784980000)
  to   space 8192K, 0% used [0x0000000783980000,0x0000000783980000,0x0000000784180000)
 ParOldGen       total 131072K, used 0K [0x0000000701c00000, 0x0000000709c00000, 0x0000000780980000)
  object space 131072K, 0% used [0x0000000701c00000,0x0000000701c00000,0x0000000709c00000)
 Metaspace       used 776K, capacity 4480K, committed 4480K, reserved 1056768K
  class space    used 76K, capacity 384K, committed 384K, reserved 1048576K

Card table byte_map: [0x0000000011fb0000,0x00000000125b0000] byte_map_base: 0x000000000e7a2000

Marking Bits: (ParMarkBitMap*) 0x000000005fb66d90
 Begin Bits: [0x0000000012db0000, 0x0000000015d40000)
 End Bits:   [0x0000000015d40000, 0x0000000018cd0000)

Polling page: 0x0000000000dd0000

CodeCache: size=245760Kb used=328Kb max_used=328Kb free=245431Kb
 bounds [0x0000000002bf0000, 0x0000000002e60000, 0x0000000011bf0000]
 total_blobs=58 nmethods=0 adapters=38
 compilation: enabled

Compilation events (0 events):
No events

GC Heap History (0 events):
No events

Deoptimization events (0 events):
No events

Classes redefined (0 events):
No events

Internal exceptions (0 events):
No events

Events (10 events):
Event: 0.064 loading class java/lang/Short
Event: 0.064 loading class java/lang/Short done
Event: 0.064 loading class java/lang/Integer
Event: 0.065 loading class java/lang/Integer done
Event: 0.065 loading class java/lang/Long
Event: 0.065 loading class java/lang/Long done
Event: 0.066 loading class java/lang/NullPointerException
Event: 0.066 loading class java/lang/NullPointerException done
Event: 0.066 loading class java/lang/ArithmeticException
Event: 0.066 loading class java/lang/ArithmeticException done


Dynamic libraries:
0x00007ff6dce70000 - 0x00007ff6dcea7000 	C:\Program Files\Java\jdk1.8.0_231\bin\java.exe
0x00007ffb23790000 - 0x00007ffb23986000 	C:\WINDOWS\SYSTEM32\ntdll.dll
0x00007ffb235d0000 - 0x00007ffb2368d000 	C:\WINDOWS\System32\KERNEL32.DLL
0x00007ffb21520000 - 0x00007ffb217e8000 	C:\WINDOWS\System32\KERNELBASE.dll
0x00007ffb21950000 - 0x00007ffb219fc000 	C:\WINDOWS\System32\ADVAPI32.dll
0x00007ffb22ef0000 - 0x00007ffb22f8e000 	C:\WINDOWS\System32\msvcrt.dll
0x00007ffb22150000 - 0x00007ffb221eb000 	C:\WINDOWS\System32\sechost.dll
0x00007ffb224b0000 - 0x00007ffb225d4000 	C:\WINDOWS\System32\RPCRT4.dll
0x00007ffb22cd0000 - 0x00007ffb22e70000 	C:\WINDOWS\System32\USER32.dll
0x00007ffb214f0000 - 0x00007ffb21512000 	C:\WINDOWS\System32\win32u.dll
0x00007ffb221f0000 - 0x00007ffb2221a000 	C:\WINDOWS\System32\GDI32.dll
0x00007ffb21020000 - 0x00007ffb21129000 	C:\WINDOWS\System32\gdi32full.dll
0x00007ffb20ed0000 - 0x00007ffb20f6d000 	C:\WINDOWS\System32\msvcp_win.dll
0x00007ffb213f0000 - 0x00007ffb214f0000 	C:\WINDOWS\System32\ucrtbase.dll
0x00007ffb03e10000 - 0x00007ffb040ab000 	C:\WINDOWS\WinSxS\amd64_microsoft.windows.common-controls_6595b64144ccf1df_6.0.19041.488_none_ca04af081b815d21\COMCTL32.dll
0x00007ffb21920000 - 0x00007ffb21950000 	C:\WINDOWS\System32\IMM32.DLL
0x00007ffb095e0000 - 0x00007ffb096e8000 	C:\Program Files (x86)\Citrix\ICA Client\epclient64.dll
0x00007ffb1fc10000 - 0x00007ffb1fc43000 	C:\WINDOWS\SYSTEM32\ntmarta.dll
0x0000000061880000 - 0x0000000061952000 	C:\Program Files\Java\jdk1.8.0_231\jre\bin\msvcr100.dll
0x000000005f340000 - 0x000000005fbe6000 	C:\Program Files\Java\jdk1.8.0_231\jre\bin\server\jvm.dll
0x00007ffb222d0000 - 0x00007ffb222d8000 	C:\WINDOWS\System32\PSAPI.DLL
0x00007ffb09d60000 - 0x00007ffb09d69000 	C:\WINDOWS\SYSTEM32\WSOCK32.dll
0x00007ffb22770000 - 0x00007ffb227db000 	C:\WINDOWS\System32\WS2_32.dll
0x00007ffb18d70000 - 0x00007ffb18d7a000 	C:\WINDOWS\SYSTEM32\VERSION.dll
0x00007ffb11340000 - 0x00007ffb11367000 	C:\WINDOWS\SYSTEM32\WINMM.dll
0x00007ffb21340000 - 0x00007ffb21367000 	C:\WINDOWS\System32\bcrypt.dll
0x00007ffb21370000 - 0x00007ffb213ef000 	C:\WINDOWS\System32\bcryptprimitives.dll
0x00007ffb07b10000 - 0x00007ffb07b1f000 	C:\Program Files\Java\jdk1.8.0_231\jre\bin\verify.dll
0x00007ffaf10e0000 - 0x00007ffaf1109000 	C:\Program Files\Java\jdk1.8.0_231\jre\bin\java.dll
0x00007ffae2500000 - 0x00007ffae2523000 	C:\Program Files\Java\jdk1.8.0_231\jre\bin\instrument.dll
0x00007ffafc9e0000 - 0x00007ffafc9f6000 	C:\Program Files\Java\jdk1.8.0_231\jre\bin\zip.dll

VM Arguments:
jvm_args: -javaagent:C:\Program Files\JetBrains\IntelliJ IDEA Community Edition 2019.3.1\lib\idea_rt.jar=65084:C:\Program Files\JetBrains\IntelliJ IDEA Community Edition 2019.3.1\bin -Dfile.encoding=UTF-8 
java_command: Test 2
java_class_path (initial): C:\Program Files\Java\jdk1.8.0_231\jre\lib\charsets.jar;C:\Program Files\Java\jdk1.8.0_231\jre\lib\deploy.jar;C:\Program Files\Java\jdk1.8.0_231\jre\lib\ext\access-bridge-64.jar;C:\Program Files\Java\jdk1.8.0_231\jre\lib\ext\cldrdata.jar;C:\Program Files\Java\jdk1.8.0_231\jre\lib\ext\dnsns.jar;C:\Program Files\Java\jdk1.8.0_231\jre\lib\ext\jaccess.jar;C:\Program Files\Java\jdk1.8.0_231\jre\lib\ext\jfxrt.jar;C:\Program Files\Java\jdk1.8.0_231\jre\lib\ext\localedata.jar;C:\Program Files\Java\jdk1.8.0_231\jre\lib\ext\nashorn.jar;C:\Program Files\Java\jdk1.8.0_231\jre\lib\ext\sunec.jar;C:\Program Files\Java\jdk1.8.0_231\jre\lib\ext\sunjce_provider.jar;C:\Program Files\Java\jdk1.8.0_231\jre\lib\ext\sunmscapi.jar;C:\Program Files\Java\jdk1.8.0_231\jre\lib\ext\sunpkcs11.jar;C:\Program Files\Java\jdk1.8.0_231\jre\lib\ext\zipfs.jar;C:\Program Files\Java\jdk1.8.0_231\jre\lib\javaws.jar;C:\Program Files\Java\jdk1.8.0_231\jre\lib\jce.jar;C:\Program Files\Java\jdk1.8.0_231\jre\lib\jfr.jar;C:\Program Files\Java\jdk1.8.0_231\jre\lib\jfxswt.jar;C:\Program Files\Java\jdk1.8.0_231\jre\lib\jsse.jar;C:\Program Files\Java\jdk1.8.0_231\jre\lib\management-agent.jar;C:\Program Files\Java\jdk1.8.0_231\jre\lib\plugin.jar;C:\Program Files\Java\jdk1.8.0_231\jre\lib\resources.jar;C:\Program Files\Java\jdk1.8.0_231\jre\lib\rt.jar;F:\Nordea\Quantexa_training\scala_assignment\SparkTestProjectWithoutAnswers\SparkTestProjectWithoutAnswers\OrderRevenue\target\scala-2.13\classes;C:\Users\Naveen Nani\AppData\Local\Coursier\cache\v1\https\repo1.maven.org\maven2\org\scala-lang\scala-library\2.13.4\scala-library-2.13.4.jar;C:\Program Files\JetBrains\IntelliJ IDEA Community Edition 2019.3.1\lib\idea_rt.jar
Launcher Type: SUN_STANDARD

Environment Variables:
JAVA_HOME=C:\Program Files\Java\jdk1.8.0_231
PATH=C:\Program Files\Python37\Scripts\;C:\Program Files\Python37\;C:\Python27\;C:\Python27\Scripts;F:\WINDOWS.X64_180000_db_home_3\bin;C:\WINDOWS\system32;C:\WINDOWS;C:\WINDOWS\System32\Wbem;C:\WINDOWS\System32\WindowsPowerShell\v1.0\;C:\Program Files (x86)\Common Files\Apple\Internet Services\;C:\Program Files\Git\cmd;C:\Program Files\Git\mingw64\bin;C:\Program Files\Git\usr\bin;C:\Program Files (x86)\sbt\bin;C:\ProgramData\chocolatey\bin;C:\WINDOWS\System32\OpenSSH\;E:\SOFTWARES\apache-hive-3.1.2-bin\bin;F:\SOFTWARES\gradle-6.6-all\gradle-6.6\bin;F:\SOFTWARES\hadoop-3.1.3\bin;F:\SOFTWARES\spark-3.0.0-preview2-bin-hadoop2.7\spark-3.0.0\bin;C:\Users\Naveen Nani\AppData\Local\Microsoft\WindowsApps;C:\Program Files\Java\jdk1.8.0_231\bin;C:\Program Files (x86)\scala\bin;C:\Program Files (x86)\sbt\bin;E:\SOFTWARES\curl-7.68.0-win64-mingw\curl-7.68.0-win64-mingw\bin;E:\SOFTWARES\elasticsearch-7.5.2-windows-x86_64\elasticsearch-7.5.2\bin;F:\SOFTWARES\spark-3.0.0-preview2-bin-hadoop2.7\spark-3.0.0\bin;E:\SOFTWARES\hadoop\bin;
USERNAME=Naveen Nani
OS=Windows_NT
PROCESSOR_IDENTIFIER=Intel64 Family 6 Model 142 Stepping 9, GenuineIntel



---------------  S Y S T E M  ---------------

OS: Windows 10.0 , 64 bit Build 19041 (10.0.19041.546)

CPU:total 4 (initial active 4) (2 cores per cpu, 2 threads per core) family 6 model 142 stepping 9, cmov, cx8, fxsr, mmx, sse, sse2, sse3, ssse3, sse4.1, sse4.2, popcnt, avx, avx2, aes, clmul, erms, 3dnowpref, lzcnt, ht, tsc, tscinvbit, bmi1, bmi2, adx

Memory: 4k page, physical 12461492k(2545968k free), swap 19430512k(5220k free)

vm_info: Java HotSpot(TM) 64-Bit Server VM (25.231-b11) for windows-amd64 JRE (1.8.0_231-b11), built on Oct  5 2019 03:11:30 by "java_re" with MS VC++ 10.0 (VS2010)

time: Sun Dec 13 23:18:49 2020
timezone: India Standard Time
elapsed time: 0 seconds (0d 0h 0m 0s)

